<?xml version="1.0" encoding="UTF-8" standalone="no"?>
<testsuite failures="2" name="cucumber.runtime.formatter.JUnitFormatter" skipped="0" tests="2" time="23.814553">
    <testcase classname="Bookcart Application tests" name="Add to cart" time="12.41703">
        <failure message="java.lang.AssertionError: expected [true] but found [false]&#10;&#9;at org.testng.Assert.fail(Assert.java:96)&#10;&#9;at org.testng.Assert.failNotEquals(Assert.java:776)&#10;&#9;at org.testng.Assert.assertEqualsImpl(Assert.java:137)&#10;&#9;at org.testng.Assert.assertEquals(Assert.java:118)&#10;&#9;at org.testng.Assert.assertEquals(Assert.java:568)&#10;&#9;at org.testng.Assert.assertEquals(Assert.java:578)&#10;&#9;at Steps.AddToCartSteps.theCartBadgeShouldGetUpdated(AddToCartSteps.java:48)&#10;&#9;at ✽.the cart badge should get updated(src/test/java/features/addToCart.feature:11)&#10;"><![CDATA[And user login into the application with "akperrine" "Practice123"..........passed
And user searches for a book "Roomies"......................................passed
When user adds the book to the cart.........................................passed
Then the cart badge should get updated......................................failed

StackTrace:
java.lang.AssertionError: expected [true] but found [false]
	at org.testng.Assert.fail(Assert.java:96)
	at org.testng.Assert.failNotEquals(Assert.java:776)
	at org.testng.Assert.assertEqualsImpl(Assert.java:137)
	at org.testng.Assert.assertEquals(Assert.java:118)
	at org.testng.Assert.assertEquals(Assert.java:568)
	at org.testng.Assert.assertEquals(Assert.java:578)
	at Steps.AddToCartSteps.theCartBadgeShouldGetUpdated(AddToCartSteps.java:48)
	at ✽.the cart badge should get updated(src/test/java/features/addToCart.feature:11)
]]></failure>
    </testcase>
    <testcase classname="Bookcart Application tests" name="Add to cart 2" time="11.397523">
        <failure message="java.lang.AssertionError: expected [true] but found [false]&#10;&#9;at org.testng.Assert.fail(Assert.java:96)&#10;&#9;at org.testng.Assert.failNotEquals(Assert.java:776)&#10;&#9;at org.testng.Assert.assertEqualsImpl(Assert.java:137)&#10;&#9;at org.testng.Assert.assertEquals(Assert.java:118)&#10;&#9;at org.testng.Assert.assertEquals(Assert.java:568)&#10;&#9;at org.testng.Assert.assertEquals(Assert.java:578)&#10;&#9;at Steps.AddToCartSteps.theCartBadgeShouldGetUpdated(AddToCartSteps.java:48)&#10;&#9;at ✽.the cart badge should get updated(src/test/java/features/addToCart.feature:11)&#10;"><![CDATA[And user login into the application with "ak" "Practice123".................passed
And user searches for a book "The Simple Wild"..............................passed
When user adds the book to the cart.........................................passed
Then the cart badge should get updated......................................failed

StackTrace:
java.lang.AssertionError: expected [true] but found [false]
	at org.testng.Assert.fail(Assert.java:96)
	at org.testng.Assert.failNotEquals(Assert.java:776)
	at org.testng.Assert.assertEqualsImpl(Assert.java:137)
	at org.testng.Assert.assertEquals(Assert.java:118)
	at org.testng.Assert.assertEquals(Assert.java:568)
	at org.testng.Assert.assertEquals(Assert.java:578)
	at Steps.AddToCartSteps.theCartBadgeShouldGetUpdated(AddToCartSteps.java:48)
	at ✽.the cart badge should get updated(src/test/java/features/addToCart.feature:11)
]]></failure>
    </testcase>
</testsuite>
